0 info it worked if it ends with ok
1 verbose cli [ 'node', '/usr/local/bin/npm', 'run-script', 'build' ]
2 info using npm@3.3.3
3 info using node@v0.12.7
4 verbose node symlink /usr/local/bin/node
5 verbose run-script [ 'prebuild', 'build', 'postbuild' ]
6 info lifecycle webvr-boilerplate@0.3.8~prebuild: webvr-boilerplate@0.3.8
7 silly lifecycle webvr-boilerplate@0.3.8~prebuild: no script for prebuild, continuing
8 info lifecycle webvr-boilerplate@0.3.8~build: webvr-boilerplate@0.3.8
9 verbose lifecycle webvr-boilerplate@0.3.8~build: unsafe-perm in lifecycle true
10 verbose lifecycle webvr-boilerplate@0.3.8~build: PATH: /usr/local/lib/node_modules/npm/bin/node-gyp-bin:/Users/Tzamo/GITTY/ZAAK.IO-Viewer/node_modules/.bin:/usr/local/bin:/usr/local/share/python:/usr/local/bin:/usr/bin:/bin:/usr/sbin:/sbin
11 verbose lifecycle webvr-boilerplate@0.3.8~build: CWD: /Users/Tzamo/GITTY/ZAAK.IO-Viewer
12 silly lifecycle webvr-boilerplate@0.3.8~build: Args: [ '-c',
12 silly lifecycle   'browserify src/viewer.js | derequire > build/viewer.js' ]
13 info lifecycle webvr-boilerplate@0.3.8~build: Failed to exec build script
14 verbose stack Error: webvr-boilerplate@0.3.8 build: `browserify src/viewer.js | derequire > build/viewer.js`
14 verbose stack spawn ENOENT
14 verbose stack     at ChildProcess.<anonymous> (/usr/local/lib/node_modules/npm/lib/utils/spawn.js:17:16)
14 verbose stack     at ChildProcess.emit (events.js:110:17)
14 verbose stack     at maybeClose (child_process.js:1015:16)
14 verbose stack     at Process.ChildProcess._handle.onexit (child_process.js:1087:5)
15 verbose pkgid webvr-boilerplate@0.3.8
16 verbose cwd /Users/Tzamo/GITTY/ZAAK.IO-Viewer
17 error Darwin 15.3.0
18 error argv "node" "/usr/local/bin/npm" "run-script" "build"
19 error node v0.12.7
20 error npm  v3.3.3
21 error file sh
22 error code ELIFECYCLE
23 error errno ENOENT
24 error syscall spawn
25 error webvr-boilerplate@0.3.8 build: `browserify src/viewer.js | derequire > build/viewer.js`
25 error spawn ENOENT
26 error Failed at the webvr-boilerplate@0.3.8 build script 'browserify src/viewer.js | derequire > build/viewer.js'.
26 error This is most likely a problem with the webvr-boilerplate package,
26 error not with npm itself.
26 error Tell the author that this fails on your system:
26 error     browserify src/viewer.js | derequire > build/viewer.js
26 error You can get their info via:
26 error     npm owner ls webvr-boilerplate
26 error There is likely additional logging output above.
27 verbose exit [ 1, true ]
